2013-06-16 11:25:48,873 [ERROR] django.request: Internal Server Error: /facebook/connect/
Traceback (most recent call last):
  File "/srv/python-environments/amitdjango/lib/python2.6/site-packages/django/core/handlers/base.py", line 111, in get_response
    response = callback(request, *callback_args, **callback_kwargs)
  File "/srv/python-environments/amitdjango/lib/python2.6/site-packages/django/views/decorators/csrf.py", line 39, in wrapped_view
    resp = view_func(*args, **kwargs)
  File "/srv/python-environments/amitdjango/lib/python2.6/site-packages/django/views/decorators/csrf.py", line 52, in wrapped_view
    return view_func(*args, **kwargs)
  File "/home/ubuntu/django_projects/popcore/trunk/django_facebook/decorators.py", line 59, in _wrapped_view
    get_persistent_graph(request, redirect_uri=redirect_uri)
  File "/home/ubuntu/django_projects/popcore/trunk/django_facebook/api.py", line 82, in get_persistent_graph
    graph = get_facebook_graph(request, *args, **kwargs)
  File "/home/ubuntu/django_projects/popcore/trunk/django_facebook/api.py", line 182, in get_facebook_graph
    access_token = cache.get(cache_key)
  File "/srv/python-environments/amitdjango/lib/python2.6/site-packages/django/core/cache/backends/memcached.py", line 58, in get
    val = self._cache.get(key)
  File "/srv/python-environments/amitdjango/lib/python2.6/site-packages/memcache.py", line 862, in get
    return self._get('get', key)
  File "/srv/python-environments/amitdjango/lib/python2.6/site-packages/memcache.py", line 813, in _get
    self.check_key(key)
  File "/srv/python-environments/amitdjango/lib/python2.6/site-packages/memcache.py", line 1023, in check_key
    % self.server_max_key_length)
MemcachedKeyLengthError: Key length is > 250
2013-06-16 11:25:51,930 [ERROR] django.request: Internal Server Error: /facebook/connect/
Traceback (most recent call last):
  File "/srv/python-environments/amitdjango/lib/python2.6/site-packages/django/core/handlers/base.py", line 111, in get_response
    response = callback(request, *callback_args, **callback_kwargs)
  File "/srv/python-environments/amitdjango/lib/python2.6/site-packages/django/views/decorators/csrf.py", line 39, in wrapped_view
    resp = view_func(*args, **kwargs)
  File "/srv/python-environments/amitdjango/lib/python2.6/site-packages/django/views/decorators/csrf.py", line 52, in wrapped_view
    return view_func(*args, **kwargs)
  File "/home/ubuntu/django_projects/popcore/trunk/django_facebook/decorators.py", line 59, in _wrapped_view
    get_persistent_graph(request, redirect_uri=redirect_uri)
  File "/home/ubuntu/django_projects/popcore/trunk/django_facebook/api.py", line 82, in get_persistent_graph
    graph = get_facebook_graph(request, *args, **kwargs)
  File "/home/ubuntu/django_projects/popcore/trunk/django_facebook/api.py", line 182, in get_facebook_graph
    access_token = cache.get(cache_key)
  File "/srv/python-environments/amitdjango/lib/python2.6/site-packages/django/core/cache/backends/memcached.py", line 58, in get
    val = self._cache.get(key)
  File "/srv/python-environments/amitdjango/lib/python2.6/site-packages/memcache.py", line 862, in get
    return self._get('get', key)
  File "/srv/python-environments/amitdjango/lib/python2.6/site-packages/memcache.py", line 813, in _get
    self.check_key(key)
  File "/srv/python-environments/amitdjango/lib/python2.6/site-packages/memcache.py", line 1023, in check_key
    % self.server_max_key_length)
MemcachedKeyLengthError: Key length is > 250
2013-06-16 11:28:41,194 [WARNING] django.request: Forbidden (No CSRF or session cookie.): /realtime/receive_fb_updates
2013-06-16 11:31:31,972 [WARNING] django.request: Forbidden (No CSRF or session cookie.): /realtime/receive_fb_updates
2013-06-16 11:34:19,221 [WARNING] django.request: Forbidden (No CSRF or session cookie.): /realtime/receive_fb_updates
2013-06-16 11:35:59,376 [WARNING] django.request: Forbidden (No CSRF or session cookie.): /realtime/receive_fb_updates
2013-06-16 11:36:29,068 [WARNING] django.request: Forbidden (No CSRF or session cookie.): /realtime/receive_fb_updates
2013-06-16 11:36:55,673 [WARNING] django.request: Forbidden (No CSRF or session cookie.): /realtime/receive_fb_updates
2013-06-16 11:44:57,499 [WARNING] django.request: Forbidden (No CSRF or session cookie.): /realtime/receive_fb_updates
2013-06-16 11:48:59,987 [WARNING] django.request: Forbidden (No CSRF or session cookie.): /realtime/receive_fb_updates
2013-06-16 12:09:53,665 [WARNING] django.request: Forbidden (No CSRF or session cookie.): /realtime/receive_fb_updates
2013-06-16 12:10:23,909 [WARNING] django.request: Forbidden (No CSRF or session cookie.): /realtime/receive_fb_updates
2013-06-16 12:10:53,763 [WARNING] django.request: Forbidden (No CSRF or session cookie.): /realtime/receive_fb_updates
2013-06-16 12:12:05,237 [WARNING] django.request: Forbidden (No CSRF or session cookie.): /realtime/receive_fb_updates
2013-06-16 12:13:45,007 [WARNING] django.request: Forbidden (No CSRF or session cookie.): /realtime/receive_fb_updates
2013-06-16 12:21:34,535 [WARNING] django.request: Forbidden (No CSRF or session cookie.): /realtime/receive_fb_updates
2013-06-16 12:23:47,282 [WARNING] django.request: Forbidden (No CSRF or session cookie.): /realtime/receive_fb_updates
2013-06-16 12:23:51,910 [WARNING] django.request: Forbidden (No CSRF or session cookie.): /realtime/receive_fb_updates
2013-06-16 12:26:37,217 [WARNING] django.request: Forbidden (No CSRF or session cookie.): /realtime/receive_fb_updates
2013-06-16 12:28:57,042 [WARNING] django.request: Forbidden (No CSRF or session cookie.): /realtime/receive_fb_updates
2013-06-16 12:34:36,485 [WARNING] django.request: Forbidden (No CSRF or session cookie.): /realtime/receive_fb_updates
2013-06-16 12:34:38,641 [WARNING] django.request: Forbidden (No CSRF or session cookie.): /realtime/receive_fb_updates
2013-06-16 12:36:45,237 [WARNING] django.request: Forbidden (No CSRF or session cookie.): /realtime/receive_fb_updates
2013-06-16 12:42:31,123 [WARNING] django.request: Not Found: /home/None
2013-06-16 12:49:18,018 [WARNING] django.request: Forbidden (No CSRF or session cookie.): /realtime/receive_fb_updates
2013-06-16 12:52:50,501 [WARNING] django.request: Forbidden (No CSRF or session cookie.): /realtime/receive_fb_updates
2013-06-16 12:54:35,837 [WARNING] django.request: Forbidden (No CSRF or session cookie.): /realtime/receive_fb_updates
2013-06-16 12:54:37,548 [WARNING] django.request: Forbidden (No CSRF or session cookie.): /realtime/receive_fb_updates
2013-06-16 13:00:22,565 [WARNING] django.request: Forbidden (No CSRF or session cookie.): /realtime/receive_fb_updates
2013-06-16 13:01:21,978 [WARNING] django.request: Forbidden (No CSRF or session cookie.): /realtime/receive_fb_updates
2013-06-16 13:03:00,761 [WARNING] django.request: Forbidden (No CSRF or session cookie.): /realtime/receive_fb_updates
2013-06-16 13:05:28,979 [WARNING] django.request: Forbidden (No CSRF or session cookie.): /realtime/receive_fb_updates
2013-06-16 13:05:30,166 [WARNING] django.request: Forbidden (No CSRF or session cookie.): /realtime/receive_fb_updates
2013-06-16 13:10:26,000 [WARNING] django.request: Forbidden (No CSRF or session cookie.): /realtime/receive_fb_updates
2013-06-16 13:16:27,273 [WARNING] django.request: Forbidden (No CSRF or session cookie.): /realtime/receive_fb_updates
2013-06-16 13:20:51,089 [WARNING] django.request: Forbidden (No CSRF or session cookie.): /realtime/receive_fb_updates
2013-06-16 13:25:25,540 [WARNING] django.request: Forbidden (No CSRF or session cookie.): /realtime/receive_fb_updates
2013-06-16 13:32:18,390 [WARNING] django.request: Not Found: /recommender/content.html
2013-06-16 13:35:05,124 [WARNING] django.request: Forbidden (No CSRF or session cookie.): /realtime/receive_fb_updates
2013-06-16 13:39:33,196 [WARNING] django.request: Forbidden (No CSRF or session cookie.): /realtime/receive_fb_updates
2013-06-16 13:39:35,135 [WARNING] django.request: Forbidden (No CSRF or session cookie.): /realtime/receive_fb_updates
2013-06-16 13:39:37,738 [WARNING] django.request: Forbidden (No CSRF or session cookie.): /realtime/receive_fb_updates
2013-06-16 13:48:28,450 [WARNING] django.request: Forbidden (No CSRF or session cookie.): /realtime/receive_fb_updates
2013-06-16 13:50:29,681 [WARNING] django.request: Forbidden (No CSRF or session cookie.): /realtime/receive_fb_updates
2013-06-16 13:52:42,909 [WARNING] django.request: Forbidden (No CSRF or session cookie.): /realtime/receive_fb_updates
2013-06-16 14:02:19,925 [WARNING] django.request: Forbidden (No CSRF or session cookie.): /realtime/receive_fb_updates
2013-06-16 14:13:46,948 [WARNING] django.request: Forbidden (No CSRF or session cookie.): /realtime/receive_fb_updates
2013-06-16 14:23:49,983 [WARNING] django.request: Forbidden (No CSRF or session cookie.): /realtime/receive_fb_updates
2013-06-16 14:38:36,004 [WARNING] django.request: Forbidden (No CSRF or session cookie.): /realtime/receive_fb_updates
2013-06-16 14:54:02,194 [WARNING] django.request: Forbidden (No CSRF or session cookie.): /realtime/receive_fb_updates
2013-06-16 14:54:28,676 [WARNING] django.request: Forbidden (No CSRF or session cookie.): /realtime/receive_fb_updates
2013-06-16 14:57:21,035 [WARNING] django.request: Forbidden (No CSRF or session cookie.): /realtime/receive_fb_updates
2013-06-16 14:58:29,547 [WARNING] django.request: Forbidden (No CSRF or session cookie.): /realtime/receive_fb_updates
2013-06-16 15:00:45,928 [WARNING] django.request: Forbidden (No CSRF or session cookie.): /realtime/receive_fb_updates
2013-06-16 15:15:13,121 [WARNING] django.request: Forbidden (No CSRF or session cookie.): /realtime/receive_fb_updates
2013-06-16 15:15:22,576 [WARNING] django.request: Forbidden (No CSRF or session cookie.): /realtime/receive_fb_updates
2013-06-16 15:15:24,584 [WARNING] django.request: Forbidden (No CSRF or session cookie.): /realtime/receive_fb_updates
2013-06-16 15:16:52,245 [WARNING] django.request: Forbidden (No CSRF or session cookie.): /realtime/receive_fb_updates
2013-06-16 15:18:48,985 [WARNING] django.request: Forbidden (No CSRF or session cookie.): /realtime/receive_fb_updates
2013-06-16 15:27:20,841 [WARNING] django.request: Forbidden (No CSRF or session cookie.): /realtime/receive_fb_updates
2013-06-16 15:28:54,773 [WARNING] django.request: Forbidden (No CSRF or session cookie.): /realtime/receive_fb_updates
2013-06-16 15:33:42,495 [WARNING] django.request: Forbidden (No CSRF or session cookie.): /realtime/receive_fb_updates
2013-06-16 15:34:42,600 [WARNING] django.request: Forbidden (No CSRF or session cookie.): /realtime/receive_fb_updates
2013-06-16 15:36:25,748 [WARNING] django.request: Forbidden (No CSRF or session cookie.): /realtime/receive_fb_updates
2013-06-16 15:37:21,949 [WARNING] django.request: Forbidden (No CSRF or session cookie.): /realtime/receive_fb_updates
2013-06-16 15:40:18,160 [WARNING] django.request: Forbidden (No CSRF or session cookie.): /realtime/receive_fb_updates
2013-06-16 15:40:30,067 [WARNING] django.request: Forbidden (No CSRF or session cookie.): /realtime/receive_fb_updates
2013-06-16 15:41:50,260 [WARNING] django.request: Forbidden (No CSRF or session cookie.): /realtime/receive_fb_updates
2013-06-16 15:50:22,263 [WARNING] django.request: Forbidden (No CSRF or session cookie.): /realtime/receive_fb_updates
2013-06-16 15:56:04,163 [WARNING] django.request: Forbidden (No CSRF or session cookie.): /realtime/receive_fb_updates
2013-06-16 16:03:54,578 [WARNING] django.request: Forbidden (No CSRF or session cookie.): /realtime/receive_fb_updates
2013-06-16 16:07:35,753 [WARNING] django.request: Forbidden (No CSRF or session cookie.): /realtime/receive_fb_updates
2013-06-16 16:19:03,388 [WARNING] django.request: Forbidden (No CSRF or session cookie.): /realtime/receive_fb_updates
2013-06-16 16:19:05,406 [WARNING] django.request: Forbidden (No CSRF or session cookie.): /realtime/receive_fb_updates
2013-06-16 16:32:46,637 [WARNING] django.request: Forbidden (No CSRF or session cookie.): /realtime/receive_fb_updates
2013-06-16 16:50:18,650 [WARNING] django.request: Forbidden (No CSRF or session cookie.): /realtime/receive_fb_updates
2013-06-16 16:50:58,217 [WARNING] django.request: Forbidden (No CSRF or session cookie.): /realtime/receive_fb_updates
2013-06-16 16:51:55,241 [WARNING] django.request: Forbidden (No CSRF or session cookie.): /realtime/receive_fb_updates
2013-06-16 17:05:44,029 [WARNING] django.request: Forbidden (No CSRF or session cookie.): /realtime/receive_fb_updates
2013-06-16 17:11:16,011 [WARNING] django.request: Forbidden (No CSRF or session cookie.): /realtime/receive_fb_updates
2013-06-16 17:13:25,821 [WARNING] django.request: Forbidden (No CSRF or session cookie.): /realtime/receive_fb_updates
2013-06-16 17:13:26,887 [WARNING] django.request: Forbidden (No CSRF or session cookie.): /realtime/receive_fb_updates
2013-06-16 17:16:56,648 [WARNING] django.request: Forbidden (No CSRF or session cookie.): /realtime/receive_fb_updates
2013-06-16 17:19:21,591 [WARNING] django.request: Forbidden (No CSRF or session cookie.): /realtime/receive_fb_updates
2013-06-16 17:19:23,514 [WARNING] django.request: Forbidden (No CSRF or session cookie.): /realtime/receive_fb_updates
2013-06-16 17:28:24,826 [WARNING] django.request: Forbidden (No CSRF or session cookie.): /realtime/receive_fb_updates
2013-06-16 17:58:20,900 [WARNING] django.request: Forbidden (No CSRF or session cookie.): /realtime/receive_fb_updates
2013-06-16 18:06:13,336 [WARNING] django.request: Forbidden (No CSRF or session cookie.): /realtime/receive_fb_updates
2013-06-16 18:08:17,330 [WARNING] django.request: Forbidden (No CSRF or session cookie.): /realtime/receive_fb_updates
2013-06-16 18:11:19,971 [WARNING] django.request: Forbidden (No CSRF or session cookie.): /realtime/receive_fb_updates
2013-06-16 18:12:57,089 [WARNING] django.request: Forbidden (No CSRF or session cookie.): /realtime/receive_fb_updates
2013-06-16 18:14:37,389 [WARNING] django.request: Forbidden (No CSRF or session cookie.): /realtime/receive_fb_updates
2013-06-16 18:15:27,881 [WARNING] django.request: Forbidden (No CSRF or session cookie.): /realtime/receive_fb_updates
2013-06-16 18:19:35,413 [WARNING] django.request: Forbidden (No CSRF or session cookie.): /realtime/receive_fb_updates
2013-06-16 18:26:59,641 [WARNING] django.request: Forbidden (No CSRF or session cookie.): /realtime/receive_fb_updates
2013-06-16 18:34:06,441 [WARNING] django.request: Forbidden (No CSRF or session cookie.): /realtime/receive_fb_updates
2013-06-16 18:34:07,731 [WARNING] django.request: Forbidden (No CSRF or session cookie.): /realtime/receive_fb_updates
2013-06-16 18:38:52,936 [WARNING] django.request: Forbidden (No CSRF or session cookie.): /realtime/receive_fb_updates
2013-06-16 18:41:18,949 [WARNING] django.request: Forbidden (No CSRF or session cookie.): /realtime/receive_fb_updates
2013-06-16 18:52:00,844 [WARNING] django.request: Forbidden (No CSRF or session cookie.): /realtime/receive_fb_updates
2013-06-16 18:52:18,343 [WARNING] django.request: Forbidden (No CSRF or session cookie.): /realtime/receive_fb_updates
2013-06-16 18:53:01,798 [WARNING] django.request: Forbidden (No CSRF or session cookie.): /realtime/receive_fb_updates
2013-06-16 18:55:37,197 [WARNING] django.request: Forbidden (No CSRF or session cookie.): /realtime/receive_fb_updates
2013-06-16 18:57:20,392 [WARNING] django.request: Forbidden (No CSRF or session cookie.): /realtime/receive_fb_updates
